<?xml version="1.0" encoding="UTF-8"?>
<configuration monitorInterval="60">
  <appenders>
    <rollingFile name="outbrainLog" fileName="${sys:app.log.directory}/outbrain.log" filePattern="${sys:app.log.directory}/outbrain.log.%i">
      <patternLayout pattern="%d %-5p [%t] [%C{1}:%L] [$${sys:obTags:-}] - %m%n" />
      <policies>
        <sizeBasedTriggeringPolicy size="52428800" />
      </policies>
      <defaultRolloverStrategy fileIndex="min" max="20" />
    </rollingFile>
  </appenders>

  <loggers>
    <logger name="org.springframework" level="INFO" />
    <logger name="com.outbrain" level="INFO"/>
    <root level="WARN">
      <appenderRef ref="outbrainLog" />
    </root>
  </loggers>
</configuration>
